[    0.000000] Linux version 4.15.0-121-generic (buildd@lgw01-amd64-034) (gcc version 7.5.0 (Ubuntu 7.5.0-3ubuntu1~18.04)) #123-Ubuntu SMP Mon Oct 5 16:16:40 UTC 2020 (Ubuntu 4.15.0-121.123-generic 4.15.18)
[    0.000000] Command line: BOOT_IMAGE=/boot/vmlinuz-4.15.0-121-generic root=LABEL=cloudimg-rootfs ro console=tty1 console=ttyS0
[    0.000000] KERNEL supported cpus:
[    0.000000]   Intel GenuineIntel
[    0.000000]   AMD AuthenticAMD
[    0.000000]   Centaur CentaurHauls
[    0.000000] x86/fpu: Supporting XSAVE feature 0x001: 'x87 floating point registers'
[    0.000000] x86/fpu: Supporting XSAVE feature 0x002: 'SSE registers'
[    0.000000] x86/fpu: Supporting XSAVE feature 0x004: 'AVX registers'
[    0.000000] x86/fpu: xstate_offset[2]:  576, xstate_sizes[2]:  256
[    0.000000] x86/fpu: Enabled xstate features 0x7, context size is 832 bytes, using 'standard' format.
[    0.000000] e820: BIOS-provided physical RAM map:
[    0.000000] BIOS-e820: [mem 0x0000000000000000-0x000000000009fbff] usable
[    0.000000] BIOS-e820: [mem 0x000000000009fc00-0x000000000009ffff] reserved
[    0.000000] BIOS-e820: [mem 0x00000000000f0000-0x00000000000fffff] reserved
[    0.000000] BIOS-e820: [mem 0x0000000000100000-0x000000007ffeffff] usable
[    0.000000] BIOS-e820: [mem 0x000000007fff0000-0x000000007fffffff] ACPI data
[    0.000000] BIOS-e820: [mem 0x00000000fec00000-0x00000000fec00fff] reserved
[    0.000000] BIOS-e820: [mem 0x00000000fee00000-0x00000000fee00fff] reserved
[    0.000000] BIOS-e820: [mem 0x00000000fffc0000-0x00000000ffffffff] reserved
[    0.000000] NX (Execute Disable) protection: active
[    0.000000] SMBIOS 2.5 present.
[    0.000000] DMI: innotek GmbH VirtualBox/VirtualBox, BIOS VirtualBox 12/01/2006
[    0.000000] Hypervisor detected: KVM
[    0.000000] e820: last_pfn = 0x7fff0 max_arch_pfn = 0x400000000
[    0.000000] MTRR: Disabled
[    0.000000] x86/PAT: MTRRs disabled, skipping PAT initialization too.
[    0.000000] CPU MTRRs all blank - virtualized system.
[    0.000000] x86/PAT: Configuration [0-7]: WB  WT  UC- UC  WB  WT  UC- UC  
[    0.000000] found SMP MP-table at [mem 0x0009fff0-0x0009ffff]
[    0.000000] Scanning 1 areas for low memory corruption
[    0.000000] RAMDISK: [mem 0x35a67000-0x36d2afff]
[    0.000000] ACPI: Early table checksum verification disabled
[    0.000000] ACPI: RSDP 0x00000000000E0000 000024 (v02 VBOX  )
[    0.000000] ACPI: XSDT 0x000000007FFF0030 00003C (v01 VBOX   VBOXXSDT 00000001 ASL  00000061)
[    0.000000] ACPI: FACP 0x000000007FFF00F0 0000F4 (v04 VBOX   VBOXFACP 00000001 ASL  00000061)
[    0.000000] ACPI: DSDT 0x000000007FFF0470 002325 (v02 VBOX   VBOXBIOS 00000002 INTL 20100528)
[    0.000000] ACPI: FACS 0x000000007FFF0200 000040
[    0.000000] ACPI: FACS 0x000000007FFF0200 000040
[    0.000000] ACPI: APIC 0x000000007FFF0240 00005C (v02 VBOX   VBOXAPIC 00000001 ASL  00000061)
[    0.000000] ACPI: SSDT 0x000000007FFF02A0 0001CC (v01 VBOX   VBOXCPUT 00000002 INTL 20100528)
[    0.000000] No NUMA configuration found
[    0.000000] Faking a node at [mem 0x0000000000000000-0x000000007ffeffff]
[    0.000000] NODE_DATA(0) allocated [mem 0x7ffc5000-0x7ffeffff]
[    0.000000] kvm-clock: cpu 0, msr 0:7ff44001, primary cpu clock
[    0.000000] kvm-clock: Using msrs 4b564d01 and 4b564d00
[    0.000000] kvm-clock: using sched offset of 4231896069 cycles
[    0.000000] clocksource: kvm-clock: mask: 0xffffffffffffffff max_cycles: 0x1cd42e4dffb, max_idle_ns: 881590591483 ns
[    0.000000] Zone ranges:
[    0.000000]   DMA      [mem 0x0000000000001000-0x0000000000ffffff]
[    0.000000]   DMA32    [mem 0x0000000001000000-0x000000007ffeffff]
[    0.000000]   Normal   empty
[    0.000000]   Device   empty
[    0.000000] Movable zone start for each node
[    0.000000] Early memory node ranges
[    0.000000]   node   0: [mem 0x0000000000001000-0x000000000009efff]
[    0.000000]   node   0: [mem 0x0000000000100000-0x000000007ffeffff]
[    0.000000] Reserved but unavailable: 98 pages
[    0.000000] Initmem setup node 0 [mem 0x0000000000001000-0x000000007ffeffff]
[    0.000000] ACPI: PM-Timer IO Port: 0x4008
[    0.000000] IOAPIC[0]: apic_id 2, version 32, address 0xfec00000, GSI 0-23
[    0.000000] ACPI: INT_SRC_OVR (bus 0 bus_irq 0 global_irq 2 dfl dfl)
[    0.000000] ACPI: INT_SRC_OVR (bus 0 bus_irq 9 global_irq 9 low level)
[    0.000000] Using ACPI (MADT) for SMP configuration information
[    0.000000] smpboot: Allowing 2 CPUs, 0 hotplug CPUs
[    0.000000] PM: Registered nosave memory: [mem 0x00000000-0x00000fff]
[    0.000000] PM: Registered nosave memory: [mem 0x0009f000-0x0009ffff]
[    0.000000] PM: Registered nosave memory: [mem 0x000a0000-0x000effff]
[    0.000000] PM: Registered nosave memory: [mem 0x000f0000-0x000fffff]
[    0.000000] e820: [mem 0x80000000-0xfebfffff] available for PCI devices
[    0.000000] Booting paravirtualized kernel on KVM
[    0.000000] clocksource: refined-jiffies: mask: 0xffffffff max_cycles: 0xffffffff, max_idle_ns: 7645519600211568 ns
[    0.000000] random: get_random_bytes called from start_kernel+0x99/0x500 with crng_init=0
[    0.000000] setup_percpu: NR_CPUS:8192 nr_cpumask_bits:2 nr_cpu_ids:2 nr_node_ids:1
[    0.000000] percpu: Embedded 45 pages/cpu s147456 r8192 d28672 u1048576
[    0.000000] PV qspinlock hash table entries: 256 (order: 0, 4096 bytes)
[    0.000000] Built 1 zonelists, mobility grouping on.  Total pages: 515961
[    0.000000] Policy zone: DMA32
[    0.000000] Kernel command line: BOOT_IMAGE=/boot/vmlinuz-4.15.0-121-generic root=LABEL=cloudimg-rootfs ro console=tty1 console=ttyS0
[    0.000000] Memory: 2015224K/2096696K available (12300K kernel code, 2482K rwdata, 4272K rodata, 2436K init, 2724K bss, 81472K reserved, 0K cma-reserved)
[    0.000000] SLUB: HWalign=64, Order=0-3, MinObjects=0, CPUs=2, Nodes=1
[    0.000000] Kernel/User page tables isolation: enabled
[    0.000000] ftrace: allocating 39402 entries in 154 pages
[    0.004000] Hierarchical RCU implementation.
[    0.004000] 	RCU restricting CPUs from NR_CPUS=8192 to nr_cpu_ids=2.
[    0.004000] 	Tasks RCU enabled.
[    0.004000] RCU: Adjusting geometry for rcu_fanout_leaf=16, nr_cpu_ids=2
[    0.004000] NR_IRQS: 524544, nr_irqs: 440, preallocated irqs: 16
[    0.004000] Console: colour VGA+ 80x25
[    0.004000] console [tty1] enabled
[    0.004000] console [ttyS0] enabled
[    0.004000] ACPI: Core revision 20170831
[    0.004000] ACPI: 2 ACPI AML tables successfully acquired and loaded
[    0.004000] APIC: Switch to symmetric I/O mode setup
[    0.004000] x2apic enabled
[    0.004000] Switched APIC routing to physical x2apic.
[    0.004000] ..TIMER: vector=0x30 apic1=0 pin1=2 apic2=-1 pin2=-1
[    0.004005] tsc: Detected 2494.226 MHz processor
[    0.005014] Calibrating delay loop (skipped) preset value.. 4988.45 BogoMIPS (lpj=9976904)
[    0.005827] pid_max: default: 32768 minimum: 301
[    0.008034] Security Framework initialized
[    0.008897] Yama: becoming mindful.
[    0.009593] AppArmor: AppArmor initialized
[    0.011945] Dentry cache hash table entries: 262144 (order: 9, 2097152 bytes)
[    0.013321] Inode-cache hash table entries: 131072 (order: 8, 1048576 bytes)
[    0.016021] Mount-cache hash table entries: 4096 (order: 3, 32768 bytes)
[    0.017440] Mountpoint-cache hash table entries: 4096 (order: 3, 32768 bytes)
[    0.020259] Last level iTLB entries: 4KB 1024, 2MB 1024, 4MB 1024
[    0.021630] Last level dTLB entries: 4KB 1024, 2MB 1024, 4MB 1024, 1GB 4
[    0.023223] Spectre V1 : Mitigation: usercopy/swapgs barriers and __user pointer sanitization
[    0.024004] Spectre V2 : Mitigation: Full generic retpoline
[    0.025158] Spectre V2 : Spectre v2 / SpectreRSB mitigation: Filling RSB on context switch
[    0.028002] Speculative Store Bypass: Vulnerable
[    0.028927] SRBDS: Unknown: Dependent on hypervisor status
[    0.029952] MDS: Mitigation: Clear CPU buffers
[    0.031268] Freeing SMP alternatives memory: 36K
[    0.142417] smpboot: CPU0: Intel(R) Core(TM) i7-4870HQ CPU @ 2.50GHz (family: 0x6, model: 0x46, stepping: 0x1)
[    0.144000] Performance Events: unsupported p6 CPU model 70 no PMU driver, software events only.
[    0.144041] Hierarchical SRCU implementation.
[    0.145902] NMI watchdog: Perf event create on CPU 0 failed with -2
[    0.148002] NMI watchdog: Perf NMI watchdog permanently disabled
[    0.149991] smp: Bringing up secondary CPUs ...
[    0.151476] x86: Booting SMP configuration:
[    0.152003] .... node  #0, CPUs:      #1
[    0.004000] kvm-clock: cpu 1, msr 0:7ff44041, secondary cpu clock
[    0.156020] smp: Brought up 1 node, 2 CPUs
[    0.157010] smpboot: Max logical packages: 1
[    0.157918] smpboot: Total of 2 processors activated (9976.90 BogoMIPS)
[    0.160247] devtmpfs: initialized
[    0.160943] x86/mm: Memory block size: 128MB
[    0.164486] evm: security.selinux
[    0.166096] evm: security.SMACK64
[    0.167129] evm: security.SMACK64EXEC
[    0.168005] evm: security.SMACK64TRANSMUTE
[    0.168868] evm: security.SMACK64MMAP
[    0.169601] evm: security.apparmor
[    0.170344] evm: security.ima
[    0.171203] evm: security.capability
[    0.172140] clocksource: jiffies: mask: 0xffffffff max_cycles: 0xffffffff, max_idle_ns: 7645041785100000 ns
[    0.174080] futex hash table entries: 512 (order: 3, 32768 bytes)
[    0.176058] pinctrl core: initialized pinctrl subsystem
[    0.177167] RTC time: 21:32:04, date: 10/16/20
[    0.178219] NET: Registered protocol family 16
[    0.179193] audit: initializing netlink subsys (disabled)
[    0.180046] audit: type=2000 audit(1602883930.405:1): state=initialized audit_enabled=0 res=1
[    0.180239] cpuidle: using governor ladder
[    0.184078] cpuidle: using governor menu
[    0.185705] ACPI: bus type PCI registered
[    0.187074] acpiphp: ACPI Hot Plug PCI Controller Driver version: 0.5
[    0.188108] PCI: Using configuration type 1 for base access
[    0.192042] HugeTLB registered 2.00 MiB page size, pre-allocated 0 pages
[    0.193646] ACPI: Added _OSI(Module Device)
[    0.196004] ACPI: Added _OSI(Processor Device)
[    0.196915] ACPI: Added _OSI(3.0 _SCP Extensions)
[    0.197816] ACPI: Added _OSI(Processor Aggregator Device)
[    0.198824] ACPI: Added _OSI(Linux-Dell-Video)
[    0.200002] ACPI: Added _OSI(Linux-Lenovo-NV-HDMI-Audio)
[    0.200997] ACPI: Added _OSI(Linux-HPI-Hybrid-Graphics)
[    0.202690] ACPI: Executed 1 blocks of module-level executable AML code
[    0.210767] ACPI: Interpreter enabled
[    0.211610] ACPI: (supports S0 S5)
[    0.212005] ACPI: Using IOAPIC for interrupt routing
[    0.213772] PCI: Using host bridge windows from ACPI; if necessary, use "pci=nocrs" and report a bug
[    0.215776] ACPI: Enabled 2 GPEs in block 00 to 07
[    0.223684] ACPI: PCI Root Bridge [PCI0] (domain 0000 [bus 00-ff])
[    0.224011] acpi PNP0A03:00: _OSC: OS supports [ASPM ClockPM Segments MSI]
[    0.226119] acpi PNP0A03:00: _OSC: not requesting OS control; OS requires [ExtendedConfig ASPM ClockPM MSI]
[    0.228016] acpi PNP0A03:00: fail to add MMCONFIG information, can't access extended PCI configuration space under this bridge.
[    0.232436] PCI host bridge to bus 0000:00
[    0.233233] pci_bus 0000:00: root bus resource [io  0x0000-0x0cf7 window]
[    0.234506] pci_bus 0000:00: root bus resource [io  0x0d00-0xffff window]
[    0.235846] pci_bus 0000:00: root bus resource [mem 0x000a0000-0x000bffff window]
[    0.236004] pci_bus 0000:00: root bus resource [mem 0x80000000-0xfdffffff window]
[    0.237844] pci_bus 0000:00: root bus resource [bus 00-ff]
[    0.242502] pci 0000:00:01.1: legacy IDE quirk: reg 0x10: [io  0x01f0-0x01f7]
[    0.244003] pci 0000:00:01.1: legacy IDE quirk: reg 0x14: [io  0x03f6]
[    0.245693] pci 0000:00:01.1: legacy IDE quirk: reg 0x18: [io  0x0170-0x0177]
[    0.247843] pci 0000:00:01.1: legacy IDE quirk: reg 0x1c: [io  0x0376]
[    0.269208] pci 0000:00:07.0: quirk: [io  0x4000-0x403f] claimed by PIIX4 ACPI
[    0.271277] pci 0000:00:07.0: quirk: [io  0x4100-0x410f] claimed by PIIX4 SMB
[    0.279910] ACPI: PCI Interrupt Link [LNKA] (IRQs 5 9 10 *11)
[    0.280301] ACPI: PCI Interrupt Link [LNKB] (IRQs 5 9 *10 11)
[    0.281706] ACPI: PCI Interrupt Link [LNKC] (IRQs 5 *9 10 11)
[    0.282897] ACPI: PCI Interrupt Link [LNKD] (IRQs 5 9 10 *11)
[    0.284339] SCSI subsystem initialized
[    0.285550] pci 0000:00:02.0: vgaarb: setting as boot VGA device
[    0.286048] pci 0000:00:02.0: vgaarb: VGA device added: decodes=io+mem,owns=io+mem,locks=none
[    0.288014] pci 0000:00:02.0: vgaarb: bridge control possible
[    0.289226] vgaarb: loaded
[    0.292047] ACPI: bus type USB registered
[    0.293059] usbcore: registered new interface driver usbfs
[    0.294260] usbcore: registered new interface driver hub
[    0.296029] usbcore: registered new device driver usb
[    0.297081] EDAC MC: Ver: 3.0.0
[    0.297081] PCI: Using ACPI for IRQ routing
[    0.300159] NetLabel: Initializing
[    0.300832] NetLabel:  domain hash size = 128
[    0.301721] NetLabel:  protocols = UNLABELED CIPSOv4 CALIPSO
[    0.302820] NetLabel:  unlabeled traffic allowed by default
[    0.304095] clocksource: Switched to clocksource kvm-clock
[    0.318444] VFS: Disk quotas dquot_6.6.0
[    0.319677] VFS: Dquot-cache hash table entries: 512 (order 0, 4096 bytes)
[    0.321494] AppArmor: AppArmor Filesystem Enabled
[    0.322544] pnp: PnP ACPI init
[    0.324593] pnp: PnP ACPI: found 3 devices
[    0.334969] clocksource: acpi_pm: mask: 0xffffff max_cycles: 0xffffff, max_idle_ns: 2085701024 ns
[    0.337177] NET: Registered protocol family 2
[    0.339104] TCP established hash table entries: 16384 (order: 5, 131072 bytes)
[    0.340752] TCP bind hash table entries: 16384 (order: 6, 262144 bytes)
[    0.342138] TCP: Hash tables configured (established 16384 bind 16384)
[    0.344702] UDP hash table entries: 1024 (order: 3, 32768 bytes)
[    0.346222] UDP-Lite hash table entries: 1024 (order: 3, 32768 bytes)
[    0.347572] NET: Registered protocol family 1
[    0.348432] pci 0000:00:00.0: Limiting direct PCI/PCI transfers
[    0.349560] pci 0000:00:01.0: Activating ISA DMA hang workarounds
[    0.350815] pci 0000:00:02.0: Video device with shadowed ROM at [mem 0x000c0000-0x000dffff]
[    0.352879] Unpacking initramfs...
[    0.600262] Freeing initrd memory: 19216K
[    0.602616] clocksource: tsc: mask: 0xffffffffffffffff max_cycles: 0x23f3eb3743e, max_idle_ns: 440795257847 ns
[    0.605244] platform rtc_cmos: registered platform RTC device (no PNP device found)
[    0.607085] Scanning for low memory corruption every 60 seconds
[    0.608919] Initialise system trusted keyrings
[    0.609875] Key type blacklist registered
[    0.610889] workingset: timestamp_bits=36 max_order=19 bucket_order=0
[    0.612949] zbud: loaded
[    0.613939] squashfs: version 4.0 (2009/01/31) Phillip Lougher
[    0.615310] fuse init (API version 7.26)
[    0.620424] Key type asymmetric registered
[    0.621730] Asymmetric key parser 'x509' registered
[    0.622948] Block layer SCSI generic (bsg) driver version 0.4 loaded (major 246)
[    0.625020] io scheduler noop registered
[    0.626005] io scheduler deadline registered
[    0.627143] io scheduler cfq registered (default)
[    0.628932] ACPI: AC Adapter [AC] (on-line)
[    0.629834] input: Power Button as /devices/LNXSYSTM:00/LNXPWRBN:00/input/input0
[    0.631298] ACPI: Power Button [PWRF]
[    0.632130] input: Sleep Button as /devices/LNXSYSTM:00/LNXSLPBN:00/input/input1
[    0.633532] ACPI: Sleep Button [SLPF]
[    0.635565] ACPI: Battery Slot [BAT0] (battery present)
[    0.636786] Serial: 8250/16550 driver, 32 ports, IRQ sharing enabled
[    0.659947] 00:02: ttyS0 at I/O 0x3f8 (irq = 4, base_baud = 115200) is a 16550A
[    0.665025] Linux agpgart interface v0.103
[    0.668705] loop: module loaded
[    0.670090] scsi host0: ata_piix
[    0.671172] scsi host1: ata_piix
[    0.672152] ata1: PATA max UDMA/33 cmd 0x1f0 ctl 0x3f6 bmdma 0xd000 irq 14
[    0.673742] ata2: PATA max UDMA/33 cmd 0x170 ctl 0x376 bmdma 0xd008 irq 15
[    0.675493] libphy: Fixed MDIO Bus: probed
[    0.676363] tun: Universal TUN/TAP device driver, 1.6
[    0.677388] PPP generic driver version 2.4.2
[    0.678302] ehci_hcd: USB 2.0 'Enhanced' Host Controller (EHCI) Driver
[    0.679562] ehci-pci: EHCI PCI platform driver
[    0.680729] ehci-platform: EHCI generic platform driver
[    0.681889] ohci_hcd: USB 1.1 'Open' Host Controller (OHCI) Driver
[    0.683374] ohci-pci: OHCI PCI platform driver
[    0.684713] ohci-platform: OHCI generic platform driver
[    0.685880] uhci_hcd: USB Universal Host Controller Interface driver
[    0.687403] i8042: PNP: PS/2 Controller [PNP0303:PS2K,PNP0f03:PS2M] at 0x60,0x64 irq 1,12
[    0.689998] serio: i8042 KBD port at 0x60,0x64 irq 1
[    0.691064] serio: i8042 AUX port at 0x60,0x64 irq 12
[    0.692162] mousedev: PS/2 mouse device common for all mice
[    0.693518] input: AT Translated Set 2 keyboard as /devices/platform/i8042/serio0/input/input2
[    0.695558] rtc_cmos rtc_cmos: rtc core: registered rtc_cmos as rtc0
[    0.696880] rtc_cmos rtc_cmos: alarms up to one day, 114 bytes nvram
[    0.698069] i2c /dev entries driver
[    0.698870] device-mapper: uevent: version 1.0.3
[    0.699920] device-mapper: ioctl: 4.37.0-ioctl (2017-09-20) initialised: dm-devel@redhat.com
[    0.701932] ledtrig-cpu: registered to indicate activity on CPUs
[    0.703934] NET: Registered protocol family 10
[    0.711003] Segment Routing with IPv6
[    0.711838] NET: Registered protocol family 17
[    0.712855] Key type dns_resolver registered
[    0.713979] mce: Using 0 MCE banks
[    0.714786] RAS: Correctable Errors collector initialized.
[    0.716087] sched_clock: Marking stable (713893104, 0)->(909710791, -195817687)
[    0.717964] registered taskstats version 1
[    0.718812] Loading compiled-in X.509 certificates
[    0.722407] Loaded X.509 cert 'Build time autogenerated kernel key: 517b2180bafe62ad6f81db3336688475b28504c0'
[    0.725057] zswap: loaded using pool lzo/zbud
[    0.729641] Key type big_key registered
[    0.730508] Key type trusted registered
[    0.733088] Key type encrypted registered
[    0.733907] AppArmor: AppArmor sha1 policy hashing enabled
[    0.734990] ima: No TPM chip found, activating TPM-bypass! (rc=-19)
[    0.736153] ima: Allocated hash algorithm: sha1
[    0.737206] evm: HMAC attrs: 0x1
[    0.738720]   Magic number: 8:932:550
[    0.739469] tty ttyS26: hash matches
[    0.740837] clockevents clockevent1: hash matches
[    0.741834] acpi PNP0C0F:01: hash matches
[    0.742760] rtc_cmos rtc_cmos: setting system clock to 2020-10-16 21:32:05 UTC (1602883925)
[    0.744865] BIOS EDD facility v0.16 2004-Jun-25, 0 devices found
[    0.746201] EDD information not available.
[    0.858357] Freeing unused kernel image memory: 2436K
[    0.872354] Write protecting the kernel read-only data: 20480k
[    0.874715] Freeing unused kernel image memory: 2008K
[    0.876374] Freeing unused kernel image memory: 1872K
[    0.883743] x86/mm: Checked W+X mappings: passed, no W+X pages found.
[    0.885697] x86/mm: Checking user space page tables
[    0.892341] x86/mm: Checked W+X mappings: passed, no W+X pages found.
Loading, please wait...
starting version 237
[    0.949698] Fusion MPT base driver 3.04.20
[    0.950836] Copyright (c) 1999-2008 LSI Corporation
[    0.953026] e1000: Intel(R) PRO/1000 Network Driver - version 7.3.21-k8-NAPI
[    0.954377] e1000: Copyright (c) 1999-2006 Intel Corporation.
[    0.959793] Fusion MPT SPI Host driver 3.04.20
[    0.993646] AVX2 version of gcm_enc/dec engaged.
[    0.994985] AES CTR mode by8 optimization enabled
[    1.179680] input: ImExPS/2 Generic Explorer Mouse as /devices/platform/i8042/serio1/input/input4
[    1.576416] e1000 0000:00:03.0 eth0: (PCI:33MHz:32-bit) 02:3b:b1:b7:71:c1
[    1.577998] e1000 0000:00:03.0 eth0: Intel(R) PRO/1000 Network Connection
[    1.580380] mptbase: ioc0: Initiating bringup
[    1.581809] e1000 0000:00:03.0 enp0s3: renamed from eth0
[    1.689003] ioc0: LSI53C1030 A0: Capabilities={Initiator}
[    4.150573] scsi host2: ioc0: LSI53C1030 A0, FwRev=00000000h, Ports=1, MaxQ=256, IRQ=20
[    5.609337] scsi 2:0:0:0: Direct-Access     VBOX     HARDDISK         1.0  PQ: 0 ANSI: 5
[    5.648349] scsi target2:0:0: Beginning Domain Validation
[    5.652892] scsi target2:0:0: Domain Validation skipping write tests
[    5.654469] scsi target2:0:0: Ending Domain Validation
[    5.655851] scsi target2:0:0: asynchronous
[    5.657903] scsi 2:0:1:0: Direct-Access     VBOX     HARDDISK         1.0  PQ: 0 ANSI: 5
[    5.688031] scsi target2:0:1: Beginning Domain Validation
[    5.691436] random: fast init done
[    5.692412] scsi target2:0:1: Domain Validation skipping write tests
[    5.693606] scsi target2:0:1: Ending Domain Validation
[    5.694793] scsi target2:0:1: asynchronous
[    5.701003] random: systemd-udevd: uninitialized urandom read (16 bytes read)
[    5.702560] random: systemd-udevd: uninitialized urandom read (16 bytes read)
[    5.704022] random: systemd-udevd: uninitialized urandom read (16 bytes read)
[    5.706926] sd 2:0:0:0: Attached scsi generic sg0 type 0
[    5.707190] sd 2:0:0:0: [sda] 20971520 512-byte logical blocks: (10.7 GB/10.0 GiB)
[    5.708870] sd 2:0:1:0: Attached scsi generic sg1 type 0
[    5.710611] sd 2:0:0:0: [sda] Write Protect is off
[    5.713050] sd 2:0:1:0: [sdb] 20480 512-byte logical blocks: (10.5 MB/10.0 MiB)
[    5.714827] sd 2:0:0:0: [sda] Incomplete mode parameter data
[    5.716525] sd 2:0:0:0: [sda] Assuming drive cache: write through
[    5.717693] sd 2:0:1:0: [sdb] Write Protect is off
[    5.718902] sd 2:0:1:0: [sdb] Incomplete mode parameter data
[    5.720208] sd 2:0:1:0: [sdb] Assuming drive cache: write through
[    5.724975]  sda: sda1
[    5.731393] sd 2:0:0:0: [sda] Attached SCSI disk
[    5.733718] sd 2:0:1:0: [sdb] Attached SCSI disk
Begin: Loading essential drivers ... [    7.276202] raid6: sse2x1   gen()  9355 MB/s
[    7.324108] raid6: sse2x1   xor()  4762 MB/s
[    7.372282] raid6: sse2x2   gen()  9788 MB/s
[    7.420050] raid6: sse2x2   xor()  7978 MB/s
[    7.468058] raid6: sse2x4   gen() 14372 MB/s
[    7.516052] raid6: sse2x4   xor()  8809 MB/s
[    7.564194] raid6: avx2x1   gen() 20376 MB/s
[    7.612286] raid6: avx2x1   xor()  8652 MB/s
[    7.664261] raid6: avx2x2   gen() 21305 MB/s
[    7.712548] raid6: avx2x2   xor()  8682 MB/s
[    7.760192] raid6: avx2x4   gen() 26041 MB/s
[    7.808353] raid6: avx2x4   xor()  6593 MB/s
[    7.809427] raid6: using algorithm avx2x4 gen() 26041 MB/s
[    7.810662] raid6: .... xor() 6593 MB/s, rmw enabled
[    7.811593] raid6: using avx2x2 recovery algorithm
[    7.813984] xor: automatically using best checksumming function   avx       
[    7.816402] async_tx: api initialized (async)
done.
Begin: Running /scripts/init-premount ... done.
Begin: Mounting root file system ... Begin: Running /scripts/local-top ... done.
Begin: Running /scripts/local-premount ... [    7.866412] Btrfs loaded, crc32c=crc32c-intel
Scanning for Btrfs filesystems
done.
Warning: fsck not present, so skipping root file system
[    7.915134] EXT4-fs (sda1): mounted filesystem with ordered data mode. Opts: (null)
done.
Begin: Running /scripts/local-bottom ... done.
Begin: Running /scripts/init-bottom ... done.
[    8.065515] ip_tables: (C) 2000-2006 Netfilter Core Team
[    8.079121] systemd[1]: systemd 237 running in system mode. (+PAM +AUDIT +SELINUX +IMA +APPARMOR +SMACK +SYSVINIT +UTMP +LIBCRYPTSETUP +GCRYPT +GNUTLS +ACL +XZ +LZ4 +SECCOMP +BLKID +ELFUTILS +KMOD -IDN2 +IDN -PCRE2 default-hierarchy=hybrid)
[    8.086551] systemd[1]: Detected virtualization oracle.
[    8.088595] systemd[1]: Detected architecture x86-64.

Welcome to [1mUbuntu 18.04.5 LTS[0m!

[    8.123868] systemd[1]: Set hostname to <ubuntu>.
[    8.140701] systemd[1]: Initializing machine ID from random generator.
[    8.147175] systemd[1]: Installed transient /etc/machine-id file.
[    8.592935] systemd[1]: Created slice System Slice.
[[0;32m  OK  [0m] Created slice System Slice.
[    8.595103] systemd[1]: Listening on /dev/initctl Compatibility Named Pipe.
[[0;32m  OK  [0m] Listening on /dev/initctl Compatibility Named Pipe.
[    8.634646] systemd[1]: Reached target System Time Synchronized.
[[0;32m  OK  [0m] Reached target System Time Synchronized.
[    8.637046] systemd[1]: Listening on LVM2 metadata daemon socket.
[[0;32m  OK  [0m] Listening on LVM2 metadata daemon socket.
[[0;32m  OK  [0m] Created slice User and Session Slice.
[[0;32m  OK  [0m] Listening on udev Control Socket.
[[0;32m  OK  [0m] Listening on Network Service Netlink Socket.
[[0;32m  OK  [0m] Listening on Journal Socket.
         Mounting POSIX Message Queue File System...
         Mounting Kernel Debug File System...
         Mounting Huge Pages File System...
[[0;32m  OK  [0m] Reached target User and Group Name Lookups.
[[0;32m  OK  [0m] Started Forward Password Requests to Wall Directory Watch.
[[0;32m  OK  [0m] Reached target Slices.
         Starting Set the console keyboard layout...
[[0;32m  OK  [0m] Reached target Swap.
[[0;32m  OK  [0m] Listening on LVM2 poll daemon socket.
[[0;32m  OK  [0m] Listening on Journal Audit Socket.
[[0;32m  OK  [0m] Set up automount Arbitrary Executab…rmats File System Automount Point.
[[0;32m  OK  [0m] Listening on Journal Socket (/dev/log).
[[0;32m  OK  [0m] Listening on udev Kernel Socket.
         Starting udev Coldplug all Devices...
[[0;32m  OK  [0m] Created slice system-serial\x2dgetty.slice.
         Starting Uncomplicated firewall...
[[0;32m  OK  [0m] Listening on Syslog Socket.
         Starting Journal Service...
         Starting Load Kernel Modules...
         Starting Create list of required st…ce nodes for the current kernel...
         Starting Remount Root and Kernel File Systems...
[[0;32m  OK  [0m] Listening on Device-mapper event daemon FIFOs.
         Starting Monitoring of LVM2 mirrors…ng dmeventd or progress polling...
[[0;32m  OK  [0m] Started Journal Service.
[[0;32m  OK  [0m] Mounted POSIX Message Queue File System.
[[0;32m  OK  [0m] Mounted Kernel Debug File System.
[[0;32m  OK  [0m] Mounted Huge Pages File System.
[[0;32m  OK  [0m] Started Set the console keyboard layout.
[[0;32m  OK  [0m] Started Uncomplicated firewall.
[[0;32m  OK  [0m] Started Create list of required sta…vice nodes for the current kernel.
[[0;32m  OK  [0m] Started LVM2 metadata daemon.
         Starting Create Static Device Nodes in /dev...
[    8.816304] Loading iSCSI transport class v2.0-870.
[    8.821967] iscsi: registered transport (tcp)
[    8.830046] EXT4-fs (sda1): re-mounted. Opts: (null)
[[0;32m  OK  [0m] Started Remount Root and Kernel File Systems.
         Starting Flush Journal to Persistent Storage...
[    8.852340] iscsi: registered transport (iser)
         Starting Load/Save Random Seed...
[[0;32m  OK  [0m] Started Load Kernel Modules.
[[0;32m  OK  [0m] Started udev Coldplug all Devices.
         Mounting Kernel Configuration File System...
         Starting Apply Kernel Variables...
         Mounting FUSE Control File System...
[[0;32m  OK  [0m] Started Monitoring of LVM2 mirrors,…sing dmeventd or progress polling.
[[0;32m  OK  [0m] Mounted Kernel Configuration File System.
[[0;32m  OK  [0m] Started Load/Save Random Seed.
[[0;32m  OK  [0m] Mounted FUSE Control File System.
[    8.903194] systemd-journald[420]: Received request to flush runtime journal from PID 1
[[0;32m  OK  [0m] Started Create Static Device Nodes in /dev.
[[0;32m  OK  [0m] Reached target Local File Systems (Pre).
[[0;32m  OK  [0m] Reached target Local File Systems.
         Starting Tell Plymouth To Write Out Runtime Data...
         Starting AppArmor initialization...
         Starting Set console font and keymap...
         Starting ebtables ruleset management...
         Starting Commit a transient machine-id on disk...
         Starting udev Kernel Device Manager...
[[0;32m  OK  [0m] Started Apply Kernel Variables.
[[0;32m  OK  [0m] Started Tell Plymouth To Write Out Runtime Data.
[[0;32m  OK  [0m] Started Set console font and keymap.
[[0;32m  OK  [0m] Started Flush Journal to Persistent Storage.
         Starting Create Volatile Files and Directories...
[[0;32m  OK  [0m] Started Create Volatile Files and Directories.
         Starting Update UTMP about System Boot/Shutdown...
[[0;32m  OK  [0m] Started Update UTMP about System Boot/Shutdown.
[[0;32m  OK  [0m] Started Commit a transient machine-id on disk.
[[0;32m  OK  [0m] Started udev Kernel Device Manager.
[[0;32m  OK  [0m] Started Dispatch Password Requests to Console Directory Watch.
[[0;32m  OK  [0m] Reached target Local Encrypted Volumes.
[[0;32m  OK  [0m] Started ebtables ruleset management.
[[0;32m  OK  [0m] Found device /dev/ttyS0.
[[0;32m  OK  [0m] Listening on Load/Save RF Kill Switch Status /dev/rfkill Watch.
[[0;32m  OK  [0m] Started AppArmor initialization.
         Starting Load AppArmor profiles managed internally by snapd...
         Starting Initial cloud-init job (pre-networking)...
[[0;32m  OK  [0m] Started Load AppArmor profiles managed internally by snapd.
[   11.038697] cloud-init[585]: Cloud-init v. 20.3-2-g371b392c-0ubuntu1~18.04.1 running 'init-local' at Fri, 16 Oct 2020 21:32:15 +0000. Up 10.71 seconds.
[[0;32m  OK  [0m] Started Initial cloud-init job (pre-networking).
[[0;32m  OK  [0m] Reached target Network (Pre).
         Starting Network Service...
[[0;32m  OK  [0m] Started Network Service.
         Starting Network Name Resolution...
         Starting Wait for Network to be Configured...
[[0;32m  OK  [0m] Started Network Name Resolution.
[[0;32m  OK  [0m] Reached target Network.
[[0;32m  OK  [0m] Reached target Host and Network Name Lookups.
[[0;32m  OK  [0m] Started Wait for Network to be Configured.
         Starting Initial cloud-init job (metadata service crawler)...
[   13.258800] cloud-init[687]: Cloud-init v. 20.3-2-g371b392c-0ubuntu1~18.04.1 running 'init' at Fri, 16 Oct 2020 21:32:17 +0000. Up 13.06 seconds.
[   13.262437] cloud-init[687]: ci-info: ++++++++++++++++++++++++++++++++++++++Net device info++++++++++++++++++++++++++++++++++++++
[   13.265373] cloud-init[687]: ci-info: +--------+------+----------------------------+---------------+--------+-------------------+
[   13.267952] cloud-init[687]: ci-info: | Device |  Up  |          Address           |      Mask     | Scope  |     Hw-Address    |
[   13.270884] cloud-init[687]: ci-info: +--------+------+----------------------------+---------------+--------+-------------------+
[   13.274891] cloud-init[687]: ci-info: | enp0s3 | True |         10.0.2.15          | 255.255.255.0 | global | 02:3b:b1:b7:71:c1 |
[   13.279603] cloud-init[687]: ci-info: | enp0s3 | True | fe80::3b:b1ff:feb7:71c1/64 |       .       |  link  | 02:3b:b1:b7:71:c1 |
[   13.293416] cloud-init[687]: ci-info: |   lo   | True |         127.0.0.1          |   255.0.0.0   |  host  |         .         |
[   13.304265] cloud-init[687]: ci-info: |   lo   | True |          ::1/128           |       .       |  host  |         .         |
[   13.307263] cloud-init[687]: ci-info: +--------+------+----------------------------+---------------+--------+-------------------+
[   13.320207] cloud-init[687]: ci-info: ++++++++++++++++++++++++++++Route IPv4 info+++++++++++++++++++++++++++++
[   13.321802] cloud-init[687]: ci-info: +-------+-------------+----------+-----------------+-----------+-------+
[   13.323336] cloud-init[687]: ci-info: | Route | Destination | Gateway  |     Genmask     | Interface | Flags |
[   13.332202] cloud-init[687]: ci-info: +-------+-------------+----------+-----------------+-----------+-------+
[   13.334974] cloud-init[687]: ci-info: |   0   |   0.0.0.0   | 10.0.2.2 |     0.0.0.0     |   enp0s3  |   UG  |
[   13.344231] cloud-init[687]: ci-info: |   1   |   10.0.2.0  | 0.0.0.0  |  255.255.255.0  |   enp0s3  |   U   |
[   13.356319] cloud-init[687]: ci-info: |   2   |   10.0.2.2  | 0.0.0.0  | 255.255.255.255 |   enp0s3  |   UH  |
[   13.359260] cloud-init[687]: ci-info: +-------+-------------+----------+-----------------+-----------+-------+
[   13.372526] cloud-init[687]: ci-info: +++++++++++++++++++Route IPv6 info+++++++++++++++++++
[   13.375300] cloud-init[687]: ci-info: +-------+-------------+---------+-----------+-------+
[   13.377440] cloud-init[687]: ci-info: | Route | Destination | Gateway | Interface | Flags |
[   13.379405] cloud-init[687]: ci-info: +-------+-------------+---------+-----------+-------+
[   13.381053] cloud-init[687]: ci-info: |   1   |  fe80::/64  |    ::   |   enp0s3  |   U   |
[   13.383179] cloud-init[687]: ci-info: |   3   |    local    |    ::   |   enp0s3  |   U   |
[   13.385245] cloud-init[687]: ci-info: |   4   |   ff00::/8  |    ::   |   enp0s3  |   U   |
[   13.387696] cloud-init[687]: ci-info: +-------+-------------+---------+-----------+-------+
[   14.283337] cloud-init[687]: Generating public/private rsa key pair.
[   14.296362] cloud-init[687]: Your identification has been saved in /etc/ssh/ssh_host_rsa_key.
[   14.299164] cloud-init[687]: Your public key has been saved in /etc/ssh/ssh_host_rsa_key.pub.
[   14.302985] cloud-init[687]: The key fingerprint is:
[   14.305824] cloud-init[687]: SHA256:+TVKtfxSuMKUZ+jSKgdGr9O34NO5Y1ry9cAjL4Qh2sc root@ubuntu-bionic
[   14.310006] cloud-init[687]: The key's randomart image is:
[   14.313758] cloud-init[687]: +---[RSA 2048]----+
[   14.316492] cloud-init[687]: |                 |
[   14.318527] cloud-init[687]: |                 |
[   14.320239] cloud-init[687]: |            .    |
[   14.322824] cloud-init[687]: |      o .. = o   |
[   14.325221] cloud-init[687]: |     + +So= O .  |
[   14.327637] cloud-init[687]: |    . + EB.* =   |
[   14.329524] cloud-init[687]: |     . =+oX.B .  |
[   14.332272] cloud-init[687]: |      +.+BB= =   |
[   14.334084] cloud-init[687]: |       ++=+=. .  |
[   14.334992] cloud-init[687]: +----[SHA256]-----+
[   14.337633] cloud-init[687]: Generating public/private dsa key pair.
[   14.339175] cloud-init[687]: Your identification has been saved in /etc/ssh/ssh_host_dsa_key.
[   14.342810] cloud-init[687]: Your public key has been saved in /etc/ssh/ssh_host_dsa_key.pub.
[   14.345748] cloud-init[687]: The key fingerprint is:
[   14.346929] cloud-init[687]: SHA256:XIEiESTuoPYz9mW0FPWKfJ5EPaKakVCGjBPKTEqIZ4c root@ubuntu-bionic
[   14.349417] cloud-init[687]: The key's randomart image is:
[   14.353697] cloud-init[687]: +---[DSA 1024]----+
[   14.355621] cloud-init[687]: |o+=o==   o.      |
[   14.356634] cloud-init[687]: |X+E+= . o o.     |
[   14.358962] cloud-init[687]: |+=oo . o o.+     |
[   14.360709] cloud-init[687]: |.o  . o.=.o .    |
[   14.362509] cloud-init[687]: |...  o *S+       |
[   14.363865] cloud-init[687]: |. .   * = .      |
[   14.365494] cloud-init[687]: |   = o + o       |
[   14.371934] cloud-init[687]: |  . + o          |
[   14.374118] cloud-init[687]: |     .           |
[   14.375568] cloud-init[687]: +----[SHA256]-----+
[   14.376888] cloud-init[687]: Generating public/private ecdsa key pair.
[   14.379037] cloud-init[687]: Your identification has been saved in /etc/ssh/ssh_host_ecdsa_key.
[   14.383188] cloud-init[687]: Your public key has been saved in /etc/ssh/ssh_host_ecdsa_key.pub.
[   14.386983] cloud-init[687]: The key fingerprint is:
[   14.388536] cloud-init[687]: SHA256:88km8PXnOcoUbaCJSPh1UkKWbZWxkSiyx7O7pPnFw20 root@ubuntu-bionic
[   14.396174] cloud-init[687]: The key's randomart image is:
[   14.398738] cloud-init[687]: +---[ECDSA 256]---+
[   14.399759] cloud-init[687]: |       .+o.o++   |
[   14.400447] cloud-init[687]: |     ...oo+ oo   |
[   14.401727] cloud-init[687]: |    . .+oo. o    |
[   14.403161] cloud-init[687]: |     o.o++ o o   |
[   14.405252] cloud-init[687]: |      +.So+ . o  |
[   14.407519] cloud-init[687]: |       o.B + o   |
[   14.408968] cloud-init[687]: |        +.X E .  |
[   14.410786] cloud-init[687]: |       +.+ = o.. |
[   14.412124] cloud-init[687]: |      o.o.  o.o. |
[   14.413694] cloud-init[687]: +----[SHA256]-----+
[   14.414538] cloud-init[687]: Generating public/private ed25519 key pair.
[   14.415546] cloud-init[687]: Your identification has been saved in /etc/ssh/ssh_host_ed25519_key.
[   14.417424] cloud-init[687]: Your public key has been saved in /etc/ssh/ssh_host_ed25519_key.pub.
[   14.420373] cloud-init[687]: The key fingerprint is:
[   14.422197] cloud-init[687]: SHA256:c7bpm3GLhcBUK36v3vyRFCup2adLrUJ5utIkSJ0Ld9A root@ubuntu-bionic
[   14.425777] cloud-init[687]: The key's randomart image is:
[   14.427922] cloud-init[687]: +--[ED25519 256]--+
[   14.429976] cloud-init[687]: |         ..      |
[   14.431067] cloud-init[687]: |        ..E.     |
[   14.431809] cloud-init[687]: |       .oo.   .  |
[   14.434520] cloud-init[687]: |      o++..  . o |
[   14.437442] cloud-init[687]: |     . +So+.o o  |
[   14.440492] cloud-init[687]: |      . o*+O.+ . |
[   14.443215] cloud-init[687]: |         =Bo* =  |
[   14.446499] cloud-init[687]: |        ..+@ = . |
[   14.449726] cloud-init[687]: |         oO+Bo.  |
[   14.451842] cloud-init[687]: +----[SHA256]-----+
[[0;32m  OK  [0m] Started Initial cloud-init job (metadata service crawler).
[[0;32m  OK  [0m] Reached target System Initialization.
[[0;32m  OK  [0m] Started ACPI Events Check.
         Starting LXD - unix socket.
[[0;32m  OK  [0m] Started Message of the Day.
[[0;32m  OK  [0m] Started Daily Cleanup of Temporary Directories.
[[0;32m  OK  [0m] Listening on Open-iSCSI iscsid Socket.
[[0;32m  OK  [0m] Started Discard unused blocks once a week.
[[0;32m  OK  [0m] Listening on ACPID Listen Socket.
[[0;32m  OK  [0m] Listening on D-Bus System Message Bus Socket.
[[0;32m  OK  [0m] Reached target Paths.
[[0;32m  OK  [0m] Started Daily apt download activities.
[[0;32m  OK  [0m] Started Daily apt upgrade and clean activities.
[[0;32m  OK  [0m] Listening on UUID daemon activation socket.
[[0;32m  OK  [0m] Reached target Timers.
         Starting Socket activation for snappy daemon.
[[0;32m  OK  [0m] Reached target Network is Online.
         Starting Availability of block devices...
[[0;32m  OK  [0m] Reached target Remote File Systems (Pre).
[[0;32m  OK  [0m] Reached target Remote File Systems.
[[0;32m  OK  [0m] Reached target Cloud-config availability.
[[0;32m  OK  [0m] Listening on LXD - unix socket.
[[0;32m  OK  [0m] Listening on Socket activation for snappy daemon.
[[0;32m  OK  [0m] Started Availability of block devices.
[[0;32m  OK  [0m] Reached target Sockets.
[[0;32m  OK  [0m] Reached target Basic System.
[[0;32m  OK  [0m] Started D-Bus System Message Bus.
         Starting Dispatcher daemon for systemd-networkd...
         Starting LSB: Record successful boot for GRUB...
         Starting LSB: automatic crash report generation...
[[0;32m  OK  [0m] Started irqbalance daemon.
         Starting Login Service...
         Starting Pollinate to seed the pseudo random number generator...
         Starting System Logging Service...
[[0;32m  OK  [0m] Started Regular background program processing daemon.
         Starting Virtualbox guest utils...
[[0;32m  OK  [0m] Started FUSE filesystem for LXC.
         Starting Accounts Service...
         Starting Snap Daemon...
         Starting Permit User Sessions...
[[0;32m  OK  [0m] Started Deferred execution scheduler.
         Starting LXD - container startup/shutdown...
[[0;32m  OK  [0m] Started System Logging Service.
[[0;32m  OK  [0m] Started Login Service.
[[0;32m  OK  [0m] Started Unattended Upgrades Shutdown.
[[0;32m  OK  [0m] Started Permit User Sessions.
         Starting Terminate Plymouth Boot Screen...
         Starting Hold until boot process finishes up...
[[0;32m  OK  [0m] Started Hold until boot process finishes up.
[[0;32m  OK  [0m] Started Serial Getty on ttyS0.
         Starting Set console scheme...
[[0;32m  OK  [0m] Started Terminate Plymouth Boot Screen.
[[0;32m  OK  [0m] Started Set console scheme.
[[0;32m  OK  [0m] Created slice system-getty.slice.
[[0;32m  OK  [0m] Started Getty on tty1.
[[0;32m  OK  [0m] Reached target Login Prompts.
         Starting Authorization Manager...
[[0;32m  OK  [0m] Started LSB: automatic crash report generation.
[[0;32m  OK  [0m] Started LSB: Record successful boot for GRUB.
[[0;32m  OK  [0m] Started Authorization Manager.
[[0;32m  OK  [0m] Started Accounts Service.
[[0;32m  OK  [0m] Started LXD - container startup/shutdown.
[[0;32m  OK  [0m] Started Virtualbox guest utils.
[[0;32m  OK  [0m] Started Dispatcher daemon for systemd-networkd.
[[0;32m  OK  [0m] Started Snap Daemon.
         Starting Wait until snapd is fully seeded...
[[0;32m  OK  [0m] Started Pollinate to seed the pseudo random number generator.
         Starting OpenBSD Secure Shell server...
[[0;32m  OK  [0m] Started OpenBSD Secure Shell server.
[[0;32m  OK  [0m] Created slice User Slice of vagrant.
         Starting User Manager for UID 1000...
[[0;32m  OK  [0m] Started Session 1 of user vagrant.
[[0;32m  OK  [0m] Started User Manager for UID 1000.
[[0;32m  OK  [0m] Started Wait until snapd is fully seeded.
         Starting Apply the settings specified in cloud-config...
[[0;32m  OK  [0m] Reached target Multi-User System.
[[0;32m  OK  [0m] Reached target Graphical Interface.
         Starting Update UTMP about System Runlevel Changes...
[[0;32m  OK  [0m] Started Update UTMP about System Runlevel Changes.
[   17.789352] cloud-init[1180]: Cloud-init v. 20.3-2-g371b392c-0ubuntu1~18.04.1 running 'modules:config' at Fri, 16 Oct 2020 21:32:22 +0000. Up 17.43 seconds.
[[0;32m  OK  [0m] Started Apply the settings specified in cloud-config.
         Starting Execute cloud user/final scripts...
ci-info: no authorized SSH keys fingerprints found for user ubuntu.
<14>Oct 16 21:32:23 ec2: 
<14>Oct 16 21:32:23 ec2: #############################################################
<14>Oct 16 21:32:23 ec2: -----BEGIN SSH HOST KEY FINGERPRINTS-----
<14>Oct 16 21:32:23 ec2: 1024 SHA256:XIEiESTuoPYz9mW0FPWKfJ5EPaKakVCGjBPKTEqIZ4c root@ubuntu-bionic (DSA)
<14>Oct 16 21:32:23 ec2: 256 SHA256:88km8PXnOcoUbaCJSPh1UkKWbZWxkSiyx7O7pPnFw20 root@ubuntu-bionic (ECDSA)
<14>Oct 16 21:32:23 ec2: 256 SHA256:c7bpm3GLhcBUK36v3vyRFCup2adLrUJ5utIkSJ0Ld9A root@ubuntu-bionic (ED25519)
<14>Oct 16 21:32:23 ec2: 2048 SHA256:+TVKtfxSuMKUZ+jSKgdGr9O34NO5Y1ry9cAjL4Qh2sc root@ubuntu-bionic (RSA)
<14>Oct 16 21:32:23 ec2: -----END SSH HOST KEY FINGERPRINTS-----
<14>Oct 16 21:32:23 ec2: #############################################################
-----BEGIN SSH HOST KEY KEYS-----
ecdsa-sha2-nistp256 AAAAE2VjZHNhLXNoYTItbmlzdHAyNTYAAAAIbmlzdHAyNTYAAABBBEMU6zgopbG0ffH786nnC+7vo4si/dMoJRXM1UymX7QPmkjuVbdOoiAOi9se94OoEMMEkyqE8la5viPmgEy/zFo= root@ubuntu-bionic
ssh-ed25519 AAAAC3NzaC1lZDI1NTE5AAAAIPDPQmYxDo9TMn8RvyKBQt3np4ANlNHPo1RiJLIYu1U8 root@ubuntu-bionic
ssh-rsa AAAAB3NzaC1yc2EAAAADAQABAAABAQDLjocQkyT+bW4C22OBgaeiNpQcIIvWCK2KKgjmePMkRp+Xxw76lC5L+GhBulZg1LOZcMi/llfOVoiUKkqClS4o1vBkip1DaNXmfy+UNtuIqspt9aWjsAQIlYaPCr38M+57L0av42QVvCiuD4VV9oTBiPrstoh1suEgvpNdoDBPXDx79K9FGxzk4OlpGCWpbRJEVyyyGK8sdO/5W/ZUurw4cGzQJcpkPM0jnf54R+9TzyFfMq1poTGzVEk0L+gMROIwFWgblvSwqN6cfLH+bz065GV5gT6E8ZQeniQK+w1Dp+0UyxTRxIWJFvXwBp1b1JFQdMqOYyc7LCJwr2yWSJ7J root@ubuntu-bionic
-----END SSH HOST KEY KEYS-----
[   18.435196] cloud-init[1258]: Cloud-init v. 20.3-2-g371b392c-0ubuntu1~18.04.1 running 'modules:final' at Fri, 16 Oct 2020 21:32:23 +0000. Up 18.28 seconds.
[   18.448731] cloud-init[1258]: ci-info: no authorized SSH keys fingerprints found for user ubuntu.
[   18.450168] cloud-init[1258]: Cloud-init v. 20.3-2-g371b392c-0ubuntu1~18.04.1 finished at Fri, 16 Oct 2020 21:32:23 +0000. Datasource DataSourceNoCloud [seed=/dev/sdb][dsmode=net].  Up 18.42 seconds
[[0;32m  OK  [0m] Started Execute cloud user/final scripts.
[[0;32m  OK  [0m] Reached target Cloud-init target.

Ubuntu 18.04.5 LTS ubuntu-bionic ttyS0

ubuntu-bionic login: 